#
# There is insufficient memory for the Java Runtime Environment to continue.
# Native memory allocation (malloc) failed to allocate 205456 bytes for Chunk::new
# Possible reasons:
#   The system is out of physical RAM or swap space
#   In 32 bit mode, the process size limit was hit
# Possible solutions:
#   Reduce memory load on the system
#   Increase physical memory or swap space
#   Check if swap backing store is full
#   Use 64 bit Java on a 64 bit OS
#   Decrease Java heap size (-Xmx/-Xms)
#   Decrease number of Java threads
#   Decrease Java thread stack sizes (-Xss)
#   Set larger code cache with -XX:ReservedCodeCacheSize=
# This output file may be truncated or incomplete.
#
#  Out of Memory Error (allocation.cpp:390), pid=7748, tid=0x0000000000001374
#
# JRE version: OpenJDK Runtime Environment (8.0_152-b01) (build 1.8.0_152-release-915-b01)
# Java VM: OpenJDK 64-Bit Server VM (25.152-b01 mixed mode windows-amd64 compressed oops)
# Failed to write core dump. Minidumps are not enabled by default on client versions of Windows
#

---------------  T H R E A D  ---------------

Current thread (0x0000000054f05800):  JavaThread "C2 CompilerThread0" daemon [_thread_in_native, id=4980, stack(0x0000000056740000,0x0000000056840000)]

Stack: [0x0000000056740000,0x0000000056840000]
[error occurred during error reporting (printing stack bounds), id 0xc0000005]

Native frames: (J=compiled Java code, j=interpreted, Vv=VM code, C=native code)


Current CompileTask:
C2:   3191 1288       4       com.android.dx.rop.code.RopMethod::labelToPredecessors (54 bytes)


---------------  P R O C E S S  ---------------

Java Threads: ( => current thread )
  0x0000000056cd4800 JavaThread "pool-1-thread-4" [_thread_blocked, id=8108, stack(0x00000000578d0000,0x00000000579d0000)]
  0x0000000056b95800 JavaThread "pool-1-thread-3" [_thread_blocked, id=6848, stack(0x0000000057790000,0x0000000057890000)]
  0x0000000056b94800 JavaThread "pool-1-thread-2" [_thread_blocked, id=7784, stack(0x0000000057590000,0x0000000057690000)]
  0x0000000056b94000 JavaThread "pool-2-thread-1" [_thread_blocked, id=5964, stack(0x0000000057490000,0x0000000057590000)]
  0x0000000056b93800 JavaThread "pool-1-thread-1" [_thread_blocked, id=6172, stack(0x0000000057360000,0x0000000057460000)]
  0x0000000056a18800 JavaThread "Service Thread" daemon [_thread_blocked, id=7832, stack(0x0000000056f40000,0x0000000057040000)]
  0x0000000054f0b800 JavaThread "C1 CompilerThread2" daemon [_thread_in_native, id=6200, stack(0x0000000056910000,0x0000000056a10000)]
  0x0000000054f09800 JavaThread "C2 CompilerThread1" daemon [_thread_in_native, id=4880, stack(0x00000000564d0000,0x00000000565d0000)]
=>0x0000000054f05800 JavaThread "C2 CompilerThread0" daemon [_thread_in_native, id=4980, stack(0x0000000056740000,0x0000000056840000)]
  0x0000000054f02000 JavaThread "Attach Listener" daemon [_thread_blocked, id=7424, stack(0x0000000055f20000,0x0000000056020000)]
  0x0000000054f01000 JavaThread "Signal Dispatcher" daemon [_thread_blocked, id=7328, stack(0x00000000565f0000,0x00000000566f0000)]
  0x0000000054ee8800 JavaThread "Finalizer" daemon [_thread_blocked, id=6312, stack(0x0000000056380000,0x0000000056480000)]
  0x0000000054ea1000 JavaThread "Reference Handler" daemon [_thread_blocked, id=1584, stack(0x0000000056180000,0x0000000056280000)]
  0x000000000017e800 JavaThread "main" [_thread_in_Java, id=7040, stack(0x0000000002330000,0x0000000002430000)]

Other Threads:
  0x0000000054e99800 VMThread [stack: 0x0000000056050000,0x0000000056150000] [id=5980]
  0x0000000054f0e000 WatcherThread [stack: 0x0000000057170000,0x0000000057270000] [id=7240]

VM state:not at safepoint (normal execution)

VM Mutex/Monitor currently owned by a thread: None

Heap:
 PSYoungGen      total 37888K, used 10851K [0x00000000eab00000, 0x00000000ed500000, 0x0000000100000000)
  eden space 32768K, 17% used [0x00000000eab00000,0x00000000eb09e958,0x00000000ecb00000)
  from space 5120K, 99% used [0x00000000ecb00000,0x00000000ecffa480,0x00000000ed000000)
  to   space 5120K, 0% used [0x00000000ed000000,0x00000000ed000000,0x00000000ed500000)
 ParOldGen       total 86016K, used 1396K [0x00000000c0000000, 0x00000000c5400000, 0x00000000eab00000)
  object space 86016K, 1% used [0x00000000c0000000,0x00000000c015d290,0x00000000c5400000)
 Metaspace       used 6041K, capacity 6896K, committed 7040K, reserved 1056768K
  class space    used 588K, capacity 616K, committed 640K, reserved 1048576K

Card table byte_map: [0x0000000011ac0000,0x0000000011cd0000] byte_map_base: 0x00000000114c0000

Marking Bits: (ParMarkBitMap*) 0x000000006d303950
 Begin Bits: [0x0000000012310000, 0x0000000013310000)
 End Bits:   [0x0000000013310000, 0x0000000014310000)

Polling page: 0x0000000000130000

CodeCache: size=245760Kb used=5083Kb max_used=5095Kb free=240676Kb
 bounds [0x0000000002700000, 0x0000000002c00000, 0x0000000011700000]
 total_blobs=1534 nmethods=1266 adapters=182
 compilation: enabled

Compilation events (10 events):
Event: 3.176 Thread 0x0000000054f09800 1276       4       com.android.dx.ssa.SsaBasicBlock::<init> (109 bytes)
Event: 3.177 Thread 0x0000000054f05800 1277       4       com.android.dx.ssa.SsaBasicBlock::exitBlockFixup (58 bytes)
Event: 3.179 Thread 0x0000000054f0b800 nmethod 1273 0x0000000002bf3dd0 code [0x0000000002bf4340, 0x0000000002bf7908]
Event: 3.179 Thread 0x0000000054f0b800 1283   !   3       com.android.dx.cf.code.BytecodeArray::parseInstruction (2764 bytes)
Event: 3.183 Thread 0x0000000054f09800 nmethod 1276 0x0000000002bfca10 code [0x0000000002bfcba0, 0x0000000002bfd218]
Event: 3.183 Thread 0x0000000054f09800 1278       4       com.android.dx.ssa.SCCP::simulateBlock (54 bytes)
Event: 3.186 Thread 0x0000000054f05800 nmethod 1277 0x0000000002bfa710 code [0x0000000002bfa880, 0x0000000002bfaf38]
Event: 3.186 Thread 0x0000000054f05800 1286   !   4       com.android.dx.rop.cst.StdConstantPool::getOrNull (13 bytes)
Event: 3.186 Thread 0x0000000054f05800 nmethod 1286 0x0000000002bedf10 code [0x0000000002bee040, 0x0000000002bee0d8]
Event: 3.186 Thread 0x0000000054f05800 1288       4       com.android.dx.rop.code.RopMethod::labelToPredecessors (54 bytes)

GC Heap History (2 events):
Event: 2.596 GC heap before
{Heap before GC invocations=1 (full 0):
 PSYoungGen      total 37888K, used 32768K [0x00000000eab00000, 0x00000000ed500000, 0x0000000100000000)
  eden space 32768K, 100% used [0x00000000eab00000,0x00000000ecb00000,0x00000000ecb00000)
  from space 5120K, 0% used [0x00000000ed000000,0x00000000ed000000,0x00000000ed500000)
  to   space 5120K, 0% used [0x00000000ecb00000,0x00000000ecb00000,0x00000000ed000000)
 ParOldGen       total 86016K, used 0K [0x00000000c0000000, 0x00000000c5400000, 0x00000000eab00000)
  object space 86016K, 0% used [0x00000000c0000000,0x00000000c0000000,0x00000000c5400000)
 Metaspace       used 5984K, capacity 6896K, committed 7040K, reserved 1056768K
  class space    used 588K, capacity 616K, committed 640K, reserved 1048576K
Event: 2.673 GC heap after
Heap after GC invocations=1 (full 0):
 PSYoungGen      total 37888K, used 5097K [0x00000000eab00000, 0x00000000ed500000, 0x0000000100000000)
  eden space 32768K, 0% used [0x00000000eab00000,0x00000000eab00000,0x00000000ecb00000)
  from space 5120K, 99% used [0x00000000ecb00000,0x00000000ecffa480,0x00000000ed000000)
  to   space 5120K, 0% used [0x00000000ed000000,0x00000000ed000000,0x00000000ed500000)
 ParOldGen       total 86016K, used 1396K [0x00000000c0000000, 0x00000000c5400000, 0x00000000eab00000)
  object space 86016K, 1% used [0x00000000c0000000,0x00000000c015d290,0x00000000c5400000)
 Metaspace       used 5984K, capacity 6896K, committed 7040K, reserved 1056768K
  class space    used 588K, capacity 616K, committed 640K, reserved 1048576K
}

Deoptimization events (9 events):
Event: 0.763 Thread 0x0000000056b95800 Uncommon trap: reason=unstable_if action=reinterpret pc=0x0000000002921dd4 method=java.util.HashMap.getNode(ILjava/lang/Object;)Ljava/util/HashMap$Node; @ 129
Event: 0.863 Thread 0x000000000017e800 Uncommon trap: reason=unstable_if action=reinterpret pc=0x00000000029320a0 method=java.util.BitSet.nextSetBit(I)I @ 87
Event: 0.863 Thread 0x000000000017e800 Uncommon trap: reason=unstable_if action=reinterpret pc=0x000000000294a164 method=java.util.BitSet.ensureCapacity(I)V @ 6
Event: 0.984 Thread 0x000000000017e800 Uncommon trap: reason=class_check action=maybe_recompile pc=0x00000000029542bc method=com.android.dx.ssa.NormalSsaInsn.accept(Lcom/android/dx/ssa/SsaInsn$Visitor;)V @ 9
Event: 0.984 Thread 0x000000000017e800 Uncommon trap: reason=class_check action=maybe_recompile pc=0x00000000029542bc method=com.android.dx.ssa.NormalSsaInsn.accept(Lcom/android/dx/ssa/SsaInsn$Visitor;)V @ 9
Event: 0.984 Thread 0x000000000017e800 Uncommon trap: reason=class_check action=maybe_recompile pc=0x00000000029542bc method=com.android.dx.ssa.NormalSsaInsn.accept(Lcom/android/dx/ssa/SsaInsn$Visitor;)V @ 9
Event: 0.984 Thread 0x000000000017e800 Uncommon trap: reason=class_check action=maybe_recompile pc=0x00000000029542bc method=com.android.dx.ssa.NormalSsaInsn.accept(Lcom/android/dx/ssa/SsaInsn$Visitor;)V @ 9
Event: 1.046 Thread 0x0000000056b94800 Uncommon trap: reason=null_check action=make_not_entrant pc=0x000000000295b634 method=com.android.dx.ssa.SsaRenamer.getLocalForNewReg(I)Lcom/android/dx/rop/code/LocalItem; @ 19
Event: 3.179 Thread 0x0000000056cd4800 Uncommon trap: reason=unstable_if action=reinterpret pc=0x0000000002b40f88 method=com.android.dx.cf.code.BytecodeArray.parseInstruction(ILcom/android/dx/cf/code/BytecodeArray$Visitor;)I @ 1198

Classes redefined (0 events):
No events

Internal exceptions (3 events):
Event: 0.079 Thread 0x000000000017e800 Exception <a 'java/lang/NoSuchMethodError': Method sun.misc.Unsafe.defineClass(Ljava/lang/String;[BII)Ljava/lang/Class; name or signature does not match> (0x00000000eab07ca8) thrown at [D:\src\AOSP-openjdk-cygwin\jdk8u\hotspot\src\share\vm\prims\jni.cpp, 
Event: 0.079 Thread 0x000000000017e800 Exception <a 'java/lang/NoSuchMethodError': Method sun.misc.Unsafe.prefetchRead(Ljava/lang/Object;J)V name or signature does not match> (0x00000000eab07f90) thrown at [D:\src\AOSP-openjdk-cygwin\jdk8u\hotspot\src\share\vm\prims\jni.cpp, line 4011]
Event: 1.041 Thread 0x0000000056b94800 Implicit null exception at 0x00000000029590c2 to 0x000000000295b5ed

Events (10 events):
Event: 1.046 Thread 0x0000000056b94800 DEOPT UNPACKING pc=0x000000000274556a sp=0x000000005768e498 mode 2
Event: 1.638 Executing VM operation: ForceSafepoint
Event: 1.747 Executing VM operation: ForceSafepoint done
Event: 2.594 Executing VM operation: ParallelGCFailedAllocation
Event: 2.673 Executing VM operation: ParallelGCFailedAllocation done
Event: 3.060 Thread 0x0000000056b94800 DEOPT PACKING pc=0x0000000002a1e2a8 sp=0x000000005768e540
Event: 3.060 Thread 0x0000000056b94800 DEOPT UNPACKING pc=0x00000000027475bf sp=0x000000005768e320 mode 0
Event: 3.179 Thread 0x0000000056cd4800 Uncommon trap: trap_request=0xffffff65 fr.pc=0x0000000002b40f88
Event: 3.179 Thread 0x0000000056cd4800 DEOPT PACKING pc=0x0000000002b40f88 sp=0x00000000579ce6a0
Event: 3.179 Thread 0x0000000056cd4800 DEOPT UNPACKING pc=0x000000000274556a sp=0x00000000579ce638 mode 2


Dynamic libraries:
0x000000013f3a0000 - 0x000000013f3d1000 	C:\Program Files\Android\Android Studio\jre\bin\java.exe
0x0000000077790000 - 0x0000000077939000 	C:\Windows\SYSTEM32\ntdll.dll
0x0000000077570000 - 0x000000007768f000 	C:\Windows\system32\kernel32.dll
0x000007fefd940000 - 0x000007fefd9ab000 	C:\Windows\system32\KERNELBASE.dll
0x000007feff3d0000 - 0x000007feff4ab000 	C:\Windows\system32\ADVAPI32.dll
0x000007feffa00000 - 0x000007feffa9f000 	C:\Windows\system32\msvcrt.dll
0x000007feff180000 - 0x000007feff19f000 	C:\Windows\SYSTEM32\sechost.dll
0x000007feff8d0000 - 0x000007feff9fd000 	C:\Windows\system32\RPCRT4.dll
0x0000000077690000 - 0x000000007778a000 	C:\Windows\system32\USER32.dll
0x000007fefe040000 - 0x000007fefe0a7000 	C:\Windows\system32\GDI32.dll
0x000007fefe0b0000 - 0x000007fefe0be000 	C:\Windows\system32\LPK.dll
0x000007feff0b0000 - 0x000007feff179000 	C:\Windows\system32\USP10.dll
0x000007fefc060000 - 0x000007fefc254000 	C:\Windows\WinSxS\amd64_microsoft.windows.common-controls_6595b64144ccf1df_6.0.7601.17514_none_fa396087175ac9ac\COMCTL32.dll
0x000007fefe0c0000 - 0x000007fefe131000 	C:\Windows\system32\SHLWAPI.dll
0x000007feff770000 - 0x000007feff79e000 	C:\Windows\system32\IMM32.DLL
0x000007feff1a0000 - 0x000007feff2a9000 	C:\Windows\system32\MSCTF.dll
0x000000006d780000 - 0x000000006d852000 	C:\Program Files\Android\Android Studio\jre\jre\bin\msvcr100.dll
0x000000006cb40000 - 0x000000006d37e000 	C:\Program Files\Android\Android Studio\jre\jre\bin\server\jvm.dll
0x000007fefc050000 - 0x000007fefc059000 	C:\Windows\system32\WSOCK32.dll
0x000007feff880000 - 0x000007feff8cd000 	C:\Windows\system32\WS2_32.dll
0x000007feff4b0000 - 0x000007feff4b8000 	C:\Windows\system32\NSI.dll
0x000007fefafe0000 - 0x000007fefb01b000 	C:\Windows\system32\WINMM.dll
0x000007fefc680000 - 0x000007fefc68c000 	C:\Windows\system32\VERSION.dll
0x0000000077960000 - 0x0000000077967000 	C:\Windows\system32\PSAPI.DLL
0x000007fefc040000 - 0x000007fefc04f000 	C:\Program Files\Android\Android Studio\jre\jre\bin\verify.dll
0x000007fef81a0000 - 0x000007fef81c9000 	C:\Program Files\Android\Android Studio\jre\jre\bin\java.dll
0x000007fef8180000 - 0x000007fef8196000 	C:\Program Files\Android\Android Studio\jre\jre\bin\zip.dll
0x000007fefe140000 - 0x000007fefeec8000 	C:\Windows\system32\SHELL32.dll
0x000007feff4c0000 - 0x000007feff6c3000 	C:\Windows\system32\ole32.dll
0x000007fefd6e0000 - 0x000007fefd6ef000 	C:\Windows\system32\profapi.dll

VM Arguments:
jvm_args: -Djava.awt.headless=true -Xmx1024M -Dfile.encoding=windows-1252 -Duser.country=US -Duser.language=en -Duser.variant 
java_command: com.android.dx.command.Main --dex --num-threads=4 --output D:\MyPC\androidworkplace\Seramporecollege\app\build\intermediates\pre-dexed\debug\picasso-2.4.0_846e6ddf1ce5e87208874f921b8820a59d6c7991.jar C:\Users\db\.gradle\caches\modules-2\files-2.1\com.squareup.picasso\picasso\2.4.0\f36d2d4e3a36b3259aaf9d004d29b4cdc6c1bfb2\picasso-2.4.0.jar
java_class_path (initial): C:\Users\db\AppData\Local\Android\Sdk\build-tools\25.0.2\lib\dx.jar
Launcher Type: SUN_STANDARD

Environment Variables:
PATH=C:\ProgramData\Oracle\Java\javapath;C:\Program Files (x86)\Common Files\Intel\Shared Files\cpp\bin\Intel64;c:\OraHome_1\bin;c:\OraHome_1\jre\1.4.2\bin\client;c:\OraHome_1\jre\1.4.2\bin;c:\DevSuiteHome_1\jdk\jre\bin\classic;c:\DevSuiteHome_1\jdk\jre\bin;c:\DevSuiteHome_1\jdk\jre\bin\client;c:\DevSuiteHome_1\jlib;c:\DevSuiteHome_1\bin;c:\DevSuiteHome_1\jre\1.4.2\bin\client;c:\DevSuiteHome_1\jre\1.4.2\bin;C:\Windows\system32;C:\Windows;C:\Windows\System32\Wbem;C:\Windows\System32\WindowsPowerShell\v1.0\;C:\Program Files\Java\jdk1.8.0_101\bin;C:\Program Files (x86)\Skype\Phone\;C:\Program Files\nodejs\;C:\Users\db\AppData\Roaming\npm;C:\Users\db\AppData\Local\Programs\Git\cmd
USERNAME=db
OS=Windows_NT
PROCESSOR_IDENTIFIER=Intel64 Family 6 Model 60 Stepping 3, GenuineIntel



---------------  S Y S T E M  ---------------

OS: Windows 7 , 64 bit Build 7601 (6.1.7601.17514)

CPU:total 4 (initial active 4) (2 cores per cpu, 2 threads per core) family 6 model 60 stepping 3, cmov, cx8, fxsr, mmx, sse, sse2, sse3, ssse3, sse4.1, sse4.2, popcnt, avx, avx2, aes, clmul, erms, lzcnt, ht, tsc, tscinvbit, bmi1, bmi2

Memory: 4k page, physical 8256556k(747044k free), swap 9893108k(3040k free)

vm_info: OpenJDK 64-Bit Server VM (25.152-b01) for windows-amd64 JRE (1.8.0_152-release-915-b01), built by "builder" with MS VC++ 10.0 (VS2010)

time: Fri Mar 16 14:57:42 2018
elapsed time: 3 seconds (0d 0h 0m 3s)

