#
# There is insufficient memory for the Java Runtime Environment to continue.
# Native memory allocation (malloc) failed to allocate 614096 bytes for Chunk::new
# Possible reasons:
#   The system is out of physical RAM or swap space
#   In 32 bit mode, the process size limit was hit
# Possible solutions:
#   Reduce memory load on the system
#   Increase physical memory or swap space
#   Check if swap backing store is full
#   Use 64 bit Java on a 64 bit OS
#   Decrease Java heap size (-Xmx/-Xms)
#   Decrease number of Java threads
#   Decrease Java thread stack sizes (-Xss)
#   Set larger code cache with -XX:ReservedCodeCacheSize=
# This output file may be truncated or incomplete.
#
#  Out of Memory Error (allocation.cpp:390), pid=236, tid=0x0000000000001bd0
#
# JRE version: OpenJDK Runtime Environment (8.0_152-b01) (build 1.8.0_152-release-915-b01)
# Java VM: OpenJDK 64-Bit Server VM (25.152-b01 mixed mode windows-amd64 compressed oops)
# Failed to write core dump. Minidumps are not enabled by default on client versions of Windows
#

---------------  T H R E A D  ---------------

Current thread (0x0000000056522800):  JavaThread "C2 CompilerThread0" daemon [_thread_in_native, id=7120, stack(0x0000000056cf0000,0x0000000056df0000)]

Stack: [0x0000000056cf0000,0x0000000056df0000]
[error occurred during error reporting (printing stack bounds), id 0xc0000005]

Native frames: (J=compiled Java code, j=interpreted, Vv=VM code, C=native code)


Current CompileTask:
C2:   3108 1198       4       com.android.dx.ssa.SCCP::simulateBranch (666 bytes)


---------------  P R O C E S S  ---------------

Java Threads: ( => current thread )
  0x000000005680a000 JavaThread "pool-1-thread-4" [_thread_blocked, id=7388, stack(0x0000000057910000,0x0000000057a10000)]
  0x0000000056801000 JavaThread "pool-1-thread-3" [_thread_blocked, id=8044, stack(0x0000000057690000,0x0000000057790000)]
  0x0000000056794800 JavaThread "pool-1-thread-2" [_thread_in_Java, id=6164, stack(0x0000000055fb0000,0x00000000560b0000)]
  0x0000000056792000 JavaThread "pool-2-thread-1" [_thread_blocked, id=1344, stack(0x0000000057530000,0x0000000057630000)]
  0x000000005678d000 JavaThread "pool-1-thread-1" [_thread_blocked, id=6860, stack(0x00000000573e0000,0x00000000574e0000)]
  0x0000000055057800 JavaThread "Service Thread" daemon [_thread_blocked, id=6168, stack(0x00000000570d0000,0x00000000571d0000)]
  0x000000005652b000 JavaThread "C1 CompilerThread2" daemon [_thread_blocked, id=7480, stack(0x0000000056fd0000,0x00000000570d0000)]
  0x0000000056529800 JavaThread "C2 CompilerThread1" daemon [_thread_in_native, id=6640, stack(0x0000000056e90000,0x0000000056f90000)]
=>0x0000000056522800 JavaThread "C2 CompilerThread0" daemon [_thread_in_native, id=7120, stack(0x0000000056cf0000,0x0000000056df0000)]
  0x0000000055054800 JavaThread "Attach Listener" daemon [_thread_blocked, id=4676, stack(0x0000000056bb0000,0x0000000056cb0000)]
  0x0000000055053800 JavaThread "Signal Dispatcher" daemon [_thread_blocked, id=5624, stack(0x00000000569f0000,0x0000000056af0000)]
  0x000000005503b800 JavaThread "Finalizer" daemon [_thread_blocked, id=2268, stack(0x0000000056420000,0x0000000056520000)]
  0x0000000054ff4800 JavaThread "Reference Handler" daemon [_thread_blocked, id=2952, stack(0x0000000056280000,0x0000000056380000)]
  0x000000000210e800 JavaThread "main" [_thread_blocked, id=496, stack(0x0000000002250000,0x0000000002350000)]

Other Threads:
  0x0000000054fed000 VMThread [stack: 0x00000000560f0000,0x00000000561f0000] [id=7152]
  0x000000005505a000 WatcherThread [stack: 0x0000000057290000,0x0000000057390000] [id=6748]

VM state:not at safepoint (normal execution)

VM Mutex/Monitor currently owned by a thread: None

Heap:
 PSYoungGen      total 37888K, used 28840K [0x00000000eab00000, 0x00000000ed500000, 0x0000000100000000)
  eden space 32768K, 72% used [0x00000000eab00000,0x00000000ec22c1f8,0x00000000ecb00000)
  from space 5120K, 99% used [0x00000000ecb00000,0x00000000ecffe098,0x00000000ed000000)
  to   space 5120K, 0% used [0x00000000ed000000,0x00000000ed000000,0x00000000ed500000)
 ParOldGen       total 86016K, used 1019K [0x00000000c0000000, 0x00000000c5400000, 0x00000000eab00000)
  object space 86016K, 1% used [0x00000000c0000000,0x00000000c00fefb8,0x00000000c5400000)
 Metaspace       used 6082K, capacity 6960K, committed 7040K, reserved 1056768K
  class space    used 587K, capacity 616K, committed 640K, reserved 1048576K

Card table byte_map: [0x0000000011ae0000,0x0000000011cf0000] byte_map_base: 0x00000000114e0000

Marking Bits: (ParMarkBitMap*) 0x000000006d303950
 Begin Bits: [0x0000000012460000, 0x0000000013460000)
 End Bits:   [0x0000000013460000, 0x0000000014460000)

Polling page: 0x0000000000330000

CodeCache: size=245760Kb used=4876Kb max_used=4888Kb free=240883Kb
 bounds [0x0000000002720000, 0x0000000002bf0000, 0x0000000011720000]
 total_blobs=1553 nmethods=1285 adapters=182
 compilation: enabled

Compilation events (10 events):
Event: 2.977 Thread 0x000000005652b000 1353       2       com.android.dx.dex.file.OffsettedItem::<init> (44 bytes)
Event: 2.977 Thread 0x000000005652b000 nmethod 1353 0x0000000002be1e90 code [0x0000000002be2020, 0x0000000002be2318]
Event: 3.005 Thread 0x0000000056529800 nmethod 1228% 0x0000000002be6c50 code [0x0000000002be6ea0, 0x0000000002be89e8]
Event: 3.005 Thread 0x0000000056529800 1320       4       com.android.dx.ssa.SsaMethod::bitSetFromLabelList (47 bytes)
Event: 3.023 Thread 0x0000000056529800 nmethod 1320 0x0000000002be2a50 code [0x0000000002be2bc0, 0x0000000002be32d8]
Event: 3.023 Thread 0x0000000056529800 1207       4       com.android.dx.ssa.SsaBasicBlock::getCountPhiInsns (45 bytes)
Event: 3.026 Thread 0x0000000056529800 nmethod 1207 0x0000000002be3910 code [0x0000000002be3a60, 0x0000000002be3c58]
Event: 3.026 Thread 0x0000000056529800 1219   !   4       com.android.dx.rop.cst.StdConstantPool::getOrNull (13 bytes)
Event: 3.029 Thread 0x0000000056529800 nmethod 1219 0x0000000002a57210 code [0x0000000002a57340, 0x0000000002a573d8]
Event: 3.029 Thread 0x0000000056529800 1199       4       com.android.dx.ssa.SCCP::simulateStmt (481 bytes)

GC Heap History (2 events):
Event: 2.452 GC heap before
{Heap before GC invocations=1 (full 0):
 PSYoungGen      total 37888K, used 32768K [0x00000000eab00000, 0x00000000ed500000, 0x0000000100000000)
  eden space 32768K, 100% used [0x00000000eab00000,0x00000000ecb00000,0x00000000ecb00000)
  from space 5120K, 0% used [0x00000000ed000000,0x00000000ed000000,0x00000000ed500000)
  to   space 5120K, 0% used [0x00000000ecb00000,0x00000000ecb00000,0x00000000ed000000)
 ParOldGen       total 86016K, used 0K [0x00000000c0000000, 0x00000000c5400000, 0x00000000eab00000)
  object space 86016K, 0% used [0x00000000c0000000,0x00000000c0000000,0x00000000c5400000)
 Metaspace       used 5838K, capacity 6704K, committed 6784K, reserved 1056768K
  class space    used 587K, capacity 616K, committed 640K, reserved 1048576K
Event: 2.556 GC heap after
Heap after GC invocations=1 (full 0):
 PSYoungGen      total 37888K, used 5112K [0x00000000eab00000, 0x00000000ed500000, 0x0000000100000000)
  eden space 32768K, 0% used [0x00000000eab00000,0x00000000eab00000,0x00000000ecb00000)
  from space 5120K, 99% used [0x00000000ecb00000,0x00000000ecffe098,0x00000000ed000000)
  to   space 5120K, 0% used [0x00000000ed000000,0x00000000ed000000,0x00000000ed500000)
 ParOldGen       total 86016K, used 1019K [0x00000000c0000000, 0x00000000c5400000, 0x00000000eab00000)
  object space 86016K, 1% used [0x00000000c0000000,0x00000000c00fefb8,0x00000000c5400000)
 Metaspace       used 5838K, capacity 6704K, committed 6784K, reserved 1056768K
  class space    used 587K, capacity 616K, committed 640K, reserved 1048576K
}

Deoptimization events (5 events):
Event: 1.429 Thread 0x0000000056801000 Uncommon trap: reason=unstable_if action=reinterpret pc=0x0000000002927320 method=java.util.BitSet.nextSetBit(I)I @ 87
Event: 2.393 Thread 0x000000000210e800 Uncommon trap: reason=bimorphic action=maybe_recompile pc=0x000000000293b7c8 method=java.util.HashMap.getNode(ILjava/lang/Object;)Ljava/util/HashMap$Node; @ 126
Event: 2.665 Thread 0x000000005680a000 Uncommon trap: reason=bimorphic action=maybe_recompile pc=0x000000000293b7c8 method=java.util.HashMap.getNode(ILjava/lang/Object;)Ljava/util/HashMap$Node; @ 126
Event: 2.665 Thread 0x000000005680a000 Uncommon trap: reason=bimorphic action=maybe_recompile pc=0x000000000293b7c8 method=java.util.HashMap.getNode(ILjava/lang/Object;)Ljava/util/HashMap$Node; @ 126
Event: 2.665 Thread 0x000000005680a000 Uncommon trap: reason=bimorphic action=maybe_recompile pc=0x000000000293b7c8 method=java.util.HashMap.getNode(ILjava/lang/Object;)Ljava/util/HashMap$Node; @ 126

Classes redefined (0 events):
No events

Internal exceptions (2 events):
Event: 0.033 Thread 0x000000000210e800 Exception <a 'java/lang/NoSuchMethodError': Method sun.misc.Unsafe.defineClass(Ljava/lang/String;[BII)Ljava/lang/Class; name or signature does not match> (0x00000000eab07ca8) thrown at [D:\src\AOSP-openjdk-cygwin\jdk8u\hotspot\src\share\vm\prims\jni.cpp, 
Event: 0.033 Thread 0x000000000210e800 Exception <a 'java/lang/NoSuchMethodError': Method sun.misc.Unsafe.prefetchRead(Ljava/lang/Object;J)V name or signature does not match> (0x00000000eab07f90) thrown at [D:\src\AOSP-openjdk-cygwin\jdk8u\hotspot\src\share\vm\prims\jni.cpp, line 4011]

Events (10 events):
Event: 2.665 Thread 0x000000005680a000 DEOPT PACKING pc=0x000000000293b7c8 sp=0x0000000057a0e780
Event: 2.665 Thread 0x000000005680a000 DEOPT UNPACKING pc=0x000000000276556a sp=0x0000000057a0e700 mode 2
Event: 2.729 Thread 0x000000005678d000 DEOPT PACKING pc=0x0000000002a3076d sp=0x00000000574de660
Event: 2.729 Thread 0x000000005678d000 DEOPT UNPACKING pc=0x00000000027675bf sp=0x00000000574de3c8 mode 0
Event: 2.736 Thread 0x000000005678d000 DEOPT PACKING pc=0x0000000002aabe56 sp=0x00000000574de760
Event: 2.736 Thread 0x000000005678d000 DEOPT UNPACKING pc=0x00000000027675bf sp=0x00000000574de4a8 mode 0
Event: 2.737 Thread 0x0000000056794800 DEOPT PACKING pc=0x00000000029612fa sp=0x00000000560aebc0
Event: 2.737 Thread 0x0000000056794800 DEOPT UNPACKING pc=0x00000000027675bf sp=0x00000000560ae908 mode 0
Event: 2.746 Thread 0x0000000056794800 DEOPT PACKING pc=0x0000000002a30f2a sp=0x00000000560ae210
Event: 2.746 Thread 0x0000000056794800 DEOPT UNPACKING pc=0x00000000027675bf sp=0x00000000560adf30 mode 0


Dynamic libraries:
0x000000013f3a0000 - 0x000000013f3d1000 	C:\Program Files\Android\Android Studio\jre\bin\java.exe
0x0000000077790000 - 0x0000000077939000 	C:\Windows\SYSTEM32\ntdll.dll
0x0000000077570000 - 0x000000007768f000 	C:\Windows\system32\kernel32.dll
0x000007fefd940000 - 0x000007fefd9ab000 	C:\Windows\system32\KERNELBASE.dll
0x000007feff3d0000 - 0x000007feff4ab000 	C:\Windows\system32\ADVAPI32.dll
0x000007feffa00000 - 0x000007feffa9f000 	C:\Windows\system32\msvcrt.dll
0x000007feff180000 - 0x000007feff19f000 	C:\Windows\SYSTEM32\sechost.dll
0x000007feff8d0000 - 0x000007feff9fd000 	C:\Windows\system32\RPCRT4.dll
0x0000000077690000 - 0x000000007778a000 	C:\Windows\system32\USER32.dll
0x000007fefe040000 - 0x000007fefe0a7000 	C:\Windows\system32\GDI32.dll
0x000007fefe0b0000 - 0x000007fefe0be000 	C:\Windows\system32\LPK.dll
0x000007feff0b0000 - 0x000007feff179000 	C:\Windows\system32\USP10.dll
0x000007fefc060000 - 0x000007fefc254000 	C:\Windows\WinSxS\amd64_microsoft.windows.common-controls_6595b64144ccf1df_6.0.7601.17514_none_fa396087175ac9ac\COMCTL32.dll
0x000007fefe0c0000 - 0x000007fefe131000 	C:\Windows\system32\SHLWAPI.dll
0x000007feff770000 - 0x000007feff79e000 	C:\Windows\system32\IMM32.DLL
0x000007feff1a0000 - 0x000007feff2a9000 	C:\Windows\system32\MSCTF.dll
0x000000006d780000 - 0x000000006d852000 	C:\Program Files\Android\Android Studio\jre\jre\bin\msvcr100.dll
0x000000006cb40000 - 0x000000006d37e000 	C:\Program Files\Android\Android Studio\jre\jre\bin\server\jvm.dll
0x000007fefc050000 - 0x000007fefc059000 	C:\Windows\system32\WSOCK32.dll
0x000007feff880000 - 0x000007feff8cd000 	C:\Windows\system32\WS2_32.dll
0x000007feff4b0000 - 0x000007feff4b8000 	C:\Windows\system32\NSI.dll
0x000007fefafe0000 - 0x000007fefb01b000 	C:\Windows\system32\WINMM.dll
0x000007fefc680000 - 0x000007fefc68c000 	C:\Windows\system32\VERSION.dll
0x0000000077960000 - 0x0000000077967000 	C:\Windows\system32\PSAPI.DLL
0x000007fefc040000 - 0x000007fefc04f000 	C:\Program Files\Android\Android Studio\jre\jre\bin\verify.dll
0x000007fef81a0000 - 0x000007fef81c9000 	C:\Program Files\Android\Android Studio\jre\jre\bin\java.dll
0x000007fef8180000 - 0x000007fef8196000 	C:\Program Files\Android\Android Studio\jre\jre\bin\zip.dll
0x000007fefe140000 - 0x000007fefeec8000 	C:\Windows\system32\SHELL32.dll
0x000007feff4c0000 - 0x000007feff6c3000 	C:\Windows\system32\ole32.dll
0x000007fefd6e0000 - 0x000007fefd6ef000 	C:\Windows\system32\profapi.dll

VM Arguments:
jvm_args: -Djava.awt.headless=true -Xmx1024M -Dfile.encoding=windows-1252 -Duser.country=US -Duser.language=en -Duser.variant 
java_command: com.android.dx.command.Main --dex --num-threads=4 --output D:\MyPC\androidworkplace\Seramporecollege\app\build\intermediates\pre-dexed\debug\xmlworker-5.4.4_0715f82c19c3a4266cabd43ecd24a7f4737c32ae.jar D:\MyPC\androidworkplace\Seramporecollege\app\libs\xmlworker-5.4.4.jar
java_class_path (initial): C:\Users\db\AppData\Local\Android\Sdk\build-tools\25.0.2\lib\dx.jar
Launcher Type: SUN_STANDARD

Environment Variables:
PATH=C:\ProgramData\Oracle\Java\javapath;C:\Program Files (x86)\Common Files\Intel\Shared Files\cpp\bin\Intel64;c:\OraHome_1\bin;c:\OraHome_1\jre\1.4.2\bin\client;c:\OraHome_1\jre\1.4.2\bin;c:\DevSuiteHome_1\jdk\jre\bin\classic;c:\DevSuiteHome_1\jdk\jre\bin;c:\DevSuiteHome_1\jdk\jre\bin\client;c:\DevSuiteHome_1\jlib;c:\DevSuiteHome_1\bin;c:\DevSuiteHome_1\jre\1.4.2\bin\client;c:\DevSuiteHome_1\jre\1.4.2\bin;C:\Windows\system32;C:\Windows;C:\Windows\System32\Wbem;C:\Windows\System32\WindowsPowerShell\v1.0\;C:\Program Files\Java\jdk1.8.0_101\bin;C:\Program Files (x86)\Skype\Phone\;C:\Program Files\nodejs\;C:\Users\db\AppData\Roaming\npm;C:\Users\db\AppData\Local\Programs\Git\cmd
USERNAME=db
OS=Windows_NT
PROCESSOR_IDENTIFIER=Intel64 Family 6 Model 60 Stepping 3, GenuineIntel



---------------  S Y S T E M  ---------------

OS: Windows 7 , 64 bit Build 7601 (6.1.7601.17514)

CPU:total 4 (initial active 4) (2 cores per cpu, 2 threads per core) family 6 model 60 stepping 3, cmov, cx8, fxsr, mmx, sse, sse2, sse3, ssse3, sse4.1, sse4.2, popcnt, avx, avx2, aes, clmul, erms, lzcnt, ht, tsc, tscinvbit, bmi1, bmi2

Memory: 4k page, physical 8256556k(747744k free), swap 9893108k(3084k free)

vm_info: OpenJDK 64-Bit Server VM (25.152-b01) for windows-amd64 JRE (1.8.0_152-release-915-b01), built by "builder" with MS VC++ 10.0 (VS2010)

time: Fri Mar 16 14:57:42 2018
elapsed time: 3 seconds (0d 0h 0m 3s)

