#
# There is insufficient memory for the Java Runtime Environment to continue.
# Native memory allocation (malloc) failed to allocate 65552 bytes for Chunk::new
# Possible reasons:
#   The system is out of physical RAM or swap space
#   In 32 bit mode, the process size limit was hit
# Possible solutions:
#   Reduce memory load on the system
#   Increase physical memory or swap space
#   Check if swap backing store is full
#   Use 64 bit Java on a 64 bit OS
#   Decrease Java heap size (-Xmx/-Xms)
#   Decrease number of Java threads
#   Decrease Java thread stack sizes (-Xss)
#   Set larger code cache with -XX:ReservedCodeCacheSize=
# This output file may be truncated or incomplete.
#
#  Out of Memory Error (allocation.cpp:390), pid=7016, tid=0x00000000000001b0
#
# JRE version: OpenJDK Runtime Environment (8.0_152-b01) (build 1.8.0_152-release-915-b01)
# Java VM: OpenJDK 64-Bit Server VM (25.152-b01 mixed mode windows-amd64 compressed oops)
# Failed to write core dump. Minidumps are not enabled by default on client versions of Windows
#

---------------  T H R E A D  ---------------

Current thread (0x0000000055135800):  JavaThread "C2 CompilerThread0" daemon [_thread_in_native, id=432, stack(0x00000000568d0000,0x00000000569d0000)]

Stack: [0x00000000568d0000,0x00000000569d0000]
[error occurred during error reporting (printing stack bounds), id 0xc0000005]

Native frames: (J=compiled Java code, j=interpreted, Vv=VM code, C=native code)


Current CompileTask:
C2:   3169 1271       4       com.android.dx.ssa.back.LivenessAnalyzer::run (231 bytes)


---------------  P R O C E S S  ---------------

Java Threads: ( => current thread )
  0x0000000056ef5800 JavaThread "pool-1-thread-4" [_thread_in_Java, id=3956, stack(0x0000000057670000,0x0000000057770000)]
  0x0000000056ef5000 JavaThread "pool-1-thread-3" [_thread_in_Java, id=5476, stack(0x00000000579a0000,0x0000000057aa0000)]
  0x0000000056ef4000 JavaThread "pool-1-thread-2" [_thread_blocked, id=6520, stack(0x00000000577e0000,0x00000000578e0000)]
  0x0000000056ef3800 JavaThread "pool-2-thread-1" [_thread_blocked, id=500, stack(0x0000000057550000,0x0000000057650000)]
  0x0000000056ee9800 JavaThread "pool-1-thread-1" [_thread_in_vm, id=7252, stack(0x0000000057410000,0x0000000057510000)]
  0x0000000056d78800 JavaThread "Service Thread" daemon [_thread_blocked, id=6148, stack(0x0000000057200000,0x0000000057300000)]
  0x000000005513b800 JavaThread "C1 CompilerThread2" daemon [_thread_in_vm, id=6116, stack(0x0000000056c70000,0x0000000056d70000)]
  0x0000000055139800 JavaThread "C2 CompilerThread1" daemon [_thread_in_native, id=5752, stack(0x0000000056b00000,0x0000000056c00000)]
=>0x0000000055135800 JavaThread "C2 CompilerThread0" daemon [_thread_in_native, id=432, stack(0x00000000568d0000,0x00000000569d0000)]
  0x0000000055132000 JavaThread "Attach Listener" daemon [_thread_blocked, id=1260, stack(0x0000000056720000,0x0000000056820000)]
  0x0000000055131000 JavaThread "Signal Dispatcher" daemon [_thread_blocked, id=4012, stack(0x00000000564c0000,0x00000000565c0000)]
  0x0000000055118800 JavaThread "Finalizer" daemon [_thread_blocked, id=4540, stack(0x00000000563a0000,0x00000000564a0000)]
  0x00000000550d1000 JavaThread "Reference Handler" daemon [_thread_blocked, id=5892, stack(0x00000000561c0000,0x00000000562c0000)]
  0x000000000025e800 JavaThread "main" [_thread_blocked, id=7924, stack(0x0000000002490000,0x0000000002590000)]

Other Threads:
  0x00000000550c9800 VMThread [stack: 0x00000000560b0000,0x00000000561b0000] [id=7608]
  0x000000005513e000 WatcherThread [stack: 0x0000000056600000,0x0000000056700000] [id=5516]

VM state:not at safepoint (normal execution)

VM Mutex/Monitor currently owned by a thread: None

Heap:
 PSYoungGen      total 37888K, used 11187K [0x00000000eab00000, 0x00000000ed500000, 0x0000000100000000)
  eden space 32768K, 18% used [0x00000000eab00000,0x00000000eb0ecf50,0x00000000ecb00000)
  from space 5120K, 99% used [0x00000000ecb00000,0x00000000ecfffef0,0x00000000ed000000)
  to   space 5120K, 0% used [0x00000000ed000000,0x00000000ed000000,0x00000000ed500000)
 ParOldGen       total 86016K, used 1184K [0x00000000c0000000, 0x00000000c5400000, 0x00000000eab00000)
  object space 86016K, 1% used [0x00000000c0000000,0x00000000c0128038,0x00000000c5400000)
 Metaspace       used 5953K, capacity 6960K, committed 7040K, reserved 1056768K
  class space    used 576K, capacity 616K, committed 640K, reserved 1048576K

Card table byte_map: [0x0000000011c20000,0x0000000011e30000] byte_map_base: 0x0000000011620000

Marking Bits: (ParMarkBitMap*) 0x000000006d303950
 Begin Bits: [0x0000000012540000, 0x0000000013540000)
 End Bits:   [0x0000000013540000, 0x0000000014540000)

Polling page: 0x0000000000230000

CodeCache: size=245760Kb used=5480Kb max_used=5480Kb free=240279Kb
 bounds [0x0000000002860000, 0x0000000002dc0000, 0x0000000011860000]
 total_blobs=1587 nmethods=1324 adapters=176
 compilation: disabled (not enough contiguous free space left)

Compilation events (10 events):
Event: 3.134 Thread 0x000000005513b800 1314       3       com.android.dx.ssa.back.FirstFitLocalCombiningAllocator::handleUnassociatedParameters (60 bytes)
Event: 3.135 Thread 0x000000005513b800 nmethod 1314 0x0000000002da7e90 code [0x0000000002da8040, 0x0000000002da86d8]
Event: 3.135 Thread 0x000000005513b800 1315       3       com.android.dx.rop.code.LocalVariableExtractor::doit (49 bytes)
Event: 3.135 Thread 0x000000005513b800 nmethod 1315 0x0000000002da8950 code [0x0000000002da8ae0, 0x0000000002da8f98]
Event: 3.135 Thread 0x000000005513b800 1316       3       com.android.dx.dex.code.BlockAddresses::setupArrays (113 bytes)
Event: 3.136 Thread 0x000000005513b800 nmethod 1316 0x0000000002da91d0 code [0x0000000002da9480, 0x0000000002daae58]
Event: 3.136 Thread 0x000000005513b800 1317       3       com.android.dx.dex.code.RopTranslator::outputInstructions (69 bytes)
Event: 3.137 Thread 0x000000005513b800 nmethod 1317 0x0000000002dabc90 code [0x0000000002dabe20, 0x0000000002dac278]
Event: 3.138 Thread 0x0000000055139800 nmethod 1305 0x0000000002daf790 code [0x0000000002daf900, 0x0000000002dafff8]
Event: 3.138 Thread 0x0000000055139800 1309   !   4       com.android.dx.cf.code.BytecodeArray::parseInstruction (2764 bytes)

GC Heap History (2 events):
Event: 2.596 GC heap before
{Heap before GC invocations=1 (full 0):
 PSYoungGen      total 37888K, used 32768K [0x00000000eab00000, 0x00000000ed500000, 0x0000000100000000)
  eden space 32768K, 100% used [0x00000000eab00000,0x00000000ecb00000,0x00000000ecb00000)
  from space 5120K, 0% used [0x00000000ed000000,0x00000000ed000000,0x00000000ed500000)
  to   space 5120K, 0% used [0x00000000ecb00000,0x00000000ecb00000,0x00000000ed000000)
 ParOldGen       total 86016K, used 0K [0x00000000c0000000, 0x00000000c5400000, 0x00000000eab00000)
  object space 86016K, 0% used [0x00000000c0000000,0x00000000c0000000,0x00000000c5400000)
 Metaspace       used 5903K, capacity 6896K, committed 7040K, reserved 1056768K
  class space    used 575K, capacity 616K, committed 640K, reserved 1048576K
Event: 2.806 GC heap after
Heap after GC invocations=1 (full 0):
 PSYoungGen      total 37888K, used 5119K [0x00000000eab00000, 0x00000000ed500000, 0x0000000100000000)
  eden space 32768K, 0% used [0x00000000eab00000,0x00000000eab00000,0x00000000ecb00000)
  from space 5120K, 99% used [0x00000000ecb00000,0x00000000ecfffef0,0x00000000ed000000)
  to   space 5120K, 0% used [0x00000000ed000000,0x00000000ed000000,0x00000000ed500000)
 ParOldGen       total 86016K, used 1184K [0x00000000c0000000, 0x00000000c5400000, 0x00000000eab00000)
  object space 86016K, 1% used [0x00000000c0000000,0x00000000c0128038,0x00000000c5400000)
 Metaspace       used 5903K, capacity 6896K, committed 7040K, reserved 1056768K
  class space    used 575K, capacity 616K, committed 640K, reserved 1048576K
}

Deoptimization events (10 events):
Event: 1.508 Thread 0x0000000056ee9800 Uncommon trap: reason=unstable_if action=reinterpret pc=0x0000000002abda44 method=com.android.dx.rop.cst.Constant.compareTo(Lcom/android/dx/rop/cst/Constant;)I @ 12
Event: 1.664 Thread 0x0000000056ef4000 Uncommon trap: reason=null_check action=make_not_entrant pc=0x0000000002c19ab4 method=com.android.dx.ssa.SsaRenamer.getLocalForNewReg(I)Lcom/android/dx/rop/code/LocalItem; @ 19
Event: 1.665 Thread 0x0000000056ef4000 Uncommon trap: reason=null_check action=make_not_entrant pc=0x0000000002beb57c method=com.android.dx.ssa.SsaRenamer.getLocalForNewReg(I)Lcom/android/dx/rop/code/LocalItem; @ 19
Event: 1.731 Thread 0x0000000056ef4000 Uncommon trap: reason=unstable_if action=reinterpret pc=0x0000000002abecf8 method=com.android.dx.rop.code.RegisterSpec.equals(ILcom/android/dx/rop/type/TypeBearer;Lcom/android/dx/rop/code/LocalItem;)Z @ 42
Event: 2.013 Thread 0x0000000056ef5000 Uncommon trap: reason=unstable_if action=reinterpret pc=0x0000000002d38548 method=com.android.dx.ssa.SCCP.simulateStmt(Lcom/android/dx/ssa/SsaInsn;)V @ 59
Event: 3.125 Thread 0x0000000056ee9800 Uncommon trap: reason=bimorphic action=maybe_recompile pc=0x0000000002d66a40 method=com.android.dx.cf.code.BytecodeArray.parseInstruction(ILcom/android/dx/cf/code/BytecodeArray$Visitor;)I @ 2554
Event: 3.126 Thread 0x0000000056ee9800 Uncommon trap: reason=bimorphic action=maybe_recompile pc=0x0000000002d66a40 method=com.android.dx.cf.code.BytecodeArray.parseInstruction(ILcom/android/dx/cf/code/BytecodeArray$Visitor;)I @ 2554
Event: 3.126 Thread 0x0000000056ee9800 Uncommon trap: reason=unstable_if action=reinterpret pc=0x0000000002d43de0 method=com.android.dx.ssa.SCCP.simulateBranch(Lcom/android/dx/ssa/SsaInsn;)V @ 64
Event: 3.127 Thread 0x0000000056ee9800 Uncommon trap: reason=bimorphic action=maybe_recompile pc=0x0000000002d63e7c method=com.android.dx.cf.code.BytecodeArray.parseInstruction(ILcom/android/dx/cf/code/BytecodeArray$Visitor;)I @ 2281
Event: 3.128 Thread 0x0000000056ee9800 Uncommon trap: reason=bimorphic action=maybe_recompile pc=0x0000000002d63e7c method=com.android.dx.cf.code.BytecodeArray.parseInstruction(ILcom/android/dx/cf/code/BytecodeArray$Visitor;)I @ 2281

Classes redefined (0 events):
No events

Internal exceptions (4 events):
Event: 0.080 Thread 0x000000000025e800 Exception <a 'java/lang/NoSuchMethodError': Method sun.misc.Unsafe.defineClass(Ljava/lang/String;[BII)Ljava/lang/Class; name or signature does not match> (0x00000000eab07ca8) thrown at [D:\src\AOSP-openjdk-cygwin\jdk8u\hotspot\src\share\vm\prims\jni.cpp, 
Event: 0.080 Thread 0x000000000025e800 Exception <a 'java/lang/NoSuchMethodError': Method sun.misc.Unsafe.prefetchRead(Ljava/lang/Object;J)V name or signature does not match> (0x00000000eab07f90) thrown at [D:\src\AOSP-openjdk-cygwin\jdk8u\hotspot\src\share\vm\prims\jni.cpp, line 4011]
Event: 1.664 Thread 0x0000000056ef4000 Implicit null exception at 0x0000000002c18267 to 0x0000000002c19a6d
Event: 1.665 Thread 0x0000000056ef4000 Implicit null exception at 0x0000000002bea05c to 0x0000000002beb549

Events (10 events):
Event: 3.126 Thread 0x0000000056ee9800 DEOPT UNPACKING pc=0x00000000028a556a sp=0x000000005750e498 mode 2
Event: 3.126 Thread 0x0000000056ee9800 Uncommon trap: trap_request=0xffffff65 fr.pc=0x0000000002d43de0
Event: 3.126 Thread 0x0000000056ee9800 DEOPT PACKING pc=0x0000000002d43de0 sp=0x000000005750e6c0
Event: 3.126 Thread 0x0000000056ee9800 DEOPT UNPACKING pc=0x00000000028a556a sp=0x000000005750e690 mode 2
Event: 3.127 Thread 0x0000000056ee9800 Uncommon trap: trap_request=0xffffffc6 fr.pc=0x0000000002d63e7c
Event: 3.127 Thread 0x0000000056ee9800 DEOPT PACKING pc=0x0000000002d63e7c sp=0x000000005750e750
Event: 3.127 Thread 0x0000000056ee9800 DEOPT UNPACKING pc=0x00000000028a556a sp=0x000000005750e6e0 mode 2
Event: 3.128 Thread 0x0000000056ee9800 Uncommon trap: trap_request=0xffffffc6 fr.pc=0x0000000002d63e7c
Event: 3.128 Thread 0x0000000056ee9800 DEOPT PACKING pc=0x0000000002d63e7c sp=0x000000005750e510
Event: 3.128 Thread 0x0000000056ee9800 DEOPT UNPACKING pc=0x00000000028a556a sp=0x000000005750e4a0 mode 2


Dynamic libraries:
0x000000013f3a0000 - 0x000000013f3d1000 	C:\Program Files\Android\Android Studio\jre\bin\java.exe
0x0000000077790000 - 0x0000000077939000 	C:\Windows\SYSTEM32\ntdll.dll
0x0000000077570000 - 0x000000007768f000 	C:\Windows\system32\kernel32.dll
0x000007fefd940000 - 0x000007fefd9ab000 	C:\Windows\system32\KERNELBASE.dll
0x000007feff3d0000 - 0x000007feff4ab000 	C:\Windows\system32\ADVAPI32.dll
0x000007feffa00000 - 0x000007feffa9f000 	C:\Windows\system32\msvcrt.dll
0x000007feff180000 - 0x000007feff19f000 	C:\Windows\SYSTEM32\sechost.dll
0x000007feff8d0000 - 0x000007feff9fd000 	C:\Windows\system32\RPCRT4.dll
0x0000000077690000 - 0x000000007778a000 	C:\Windows\system32\USER32.dll
0x000007fefe040000 - 0x000007fefe0a7000 	C:\Windows\system32\GDI32.dll
0x000007fefe0b0000 - 0x000007fefe0be000 	C:\Windows\system32\LPK.dll
0x000007feff0b0000 - 0x000007feff179000 	C:\Windows\system32\USP10.dll
0x000007fefc060000 - 0x000007fefc254000 	C:\Windows\WinSxS\amd64_microsoft.windows.common-controls_6595b64144ccf1df_6.0.7601.17514_none_fa396087175ac9ac\COMCTL32.dll
0x000007fefe0c0000 - 0x000007fefe131000 	C:\Windows\system32\SHLWAPI.dll
0x000007feff770000 - 0x000007feff79e000 	C:\Windows\system32\IMM32.DLL
0x000007feff1a0000 - 0x000007feff2a9000 	C:\Windows\system32\MSCTF.dll
0x000000006d780000 - 0x000000006d852000 	C:\Program Files\Android\Android Studio\jre\jre\bin\msvcr100.dll
0x000000006cb40000 - 0x000000006d37e000 	C:\Program Files\Android\Android Studio\jre\jre\bin\server\jvm.dll
0x000007fefc050000 - 0x000007fefc059000 	C:\Windows\system32\WSOCK32.dll
0x000007feff880000 - 0x000007feff8cd000 	C:\Windows\system32\WS2_32.dll
0x000007feff4b0000 - 0x000007feff4b8000 	C:\Windows\system32\NSI.dll
0x000007fefafe0000 - 0x000007fefb01b000 	C:\Windows\system32\WINMM.dll
0x000007fefc680000 - 0x000007fefc68c000 	C:\Windows\system32\VERSION.dll
0x0000000077960000 - 0x0000000077967000 	C:\Windows\system32\PSAPI.DLL
0x000007fefc040000 - 0x000007fefc04f000 	C:\Program Files\Android\Android Studio\jre\jre\bin\verify.dll
0x000007fef81a0000 - 0x000007fef81c9000 	C:\Program Files\Android\Android Studio\jre\jre\bin\java.dll
0x000007fef8180000 - 0x000007fef8196000 	C:\Program Files\Android\Android Studio\jre\jre\bin\zip.dll
0x000007fefe140000 - 0x000007fefeec8000 	C:\Windows\system32\SHELL32.dll
0x000007feff4c0000 - 0x000007feff6c3000 	C:\Windows\system32\ole32.dll
0x000007fefd6e0000 - 0x000007fefd6ef000 	C:\Windows\system32\profapi.dll

VM Arguments:
jvm_args: -Djava.awt.headless=true -Xmx1024M -Dfile.encoding=windows-1252 -Duser.country=US -Duser.language=en -Duser.variant 
java_command: com.android.dx.command.Main --dex --num-threads=4 --output D:\MyPC\androidworkplace\Seramporecollege\app\build\intermediates\pre-dexed\debug\com.github.barteksc-android-pdf-viewer-2.8.2_a4a7303492554ce6d4ef9514cdd48dba1c57feda.jar D:\MyPC\androidworkplace\Seramporecollege\app\build\intermediates\exploded-aar\com.github.barteksc\android-pdf-viewer\2.8.2\jars\classes.jar
java_class_path (initial): C:\Users\db\AppData\Local\Android\Sdk\build-tools\25.0.2\lib\dx.jar
Launcher Type: SUN_STANDARD

Environment Variables:
PATH=C:\ProgramData\Oracle\Java\javapath;C:\Program Files (x86)\Common Files\Intel\Shared Files\cpp\bin\Intel64;c:\OraHome_1\bin;c:\OraHome_1\jre\1.4.2\bin\client;c:\OraHome_1\jre\1.4.2\bin;c:\DevSuiteHome_1\jdk\jre\bin\classic;c:\DevSuiteHome_1\jdk\jre\bin;c:\DevSuiteHome_1\jdk\jre\bin\client;c:\DevSuiteHome_1\jlib;c:\DevSuiteHome_1\bin;c:\DevSuiteHome_1\jre\1.4.2\bin\client;c:\DevSuiteHome_1\jre\1.4.2\bin;C:\Windows\system32;C:\Windows;C:\Windows\System32\Wbem;C:\Windows\System32\WindowsPowerShell\v1.0\;C:\Program Files\Java\jdk1.8.0_101\bin;C:\Program Files (x86)\Skype\Phone\;C:\Program Files\nodejs\;C:\Users\db\AppData\Roaming\npm;C:\Users\db\AppData\Local\Programs\Git\cmd
USERNAME=db
OS=Windows_NT
PROCESSOR_IDENTIFIER=Intel64 Family 6 Model 60 Stepping 3, GenuineIntel



---------------  S Y S T E M  ---------------

OS: Windows 7 , 64 bit Build 7601 (6.1.7601.17514)

CPU:total 4 (initial active 4) (2 cores per cpu, 2 threads per core) family 6 model 60 stepping 3, cmov, cx8, fxsr, mmx, sse, sse2, sse3, ssse3, sse4.1, sse4.2, popcnt, avx, avx2, aes, clmul, erms, lzcnt, ht, tsc, tscinvbit, bmi1, bmi2

Memory: 4k page, physical 8256556k(747736k free), swap 9893108k(3084k free)

vm_info: OpenJDK 64-Bit Server VM (25.152-b01) for windows-amd64 JRE (1.8.0_152-release-915-b01), built by "builder" with MS VC++ 10.0 (VS2010)

time: Fri Mar 16 14:57:42 2018
elapsed time: 3 seconds (0d 0h 0m 3s)

