#
# There is insufficient memory for the Java Runtime Environment to continue.
# Native memory allocation (malloc) failed to allocate 48704 bytes for Chunk::new
# Possible reasons:
#   The system is out of physical RAM or swap space
#   In 32 bit mode, the process size limit was hit
# Possible solutions:
#   Reduce memory load on the system
#   Increase physical memory or swap space
#   Check if swap backing store is full
#   Use 64 bit Java on a 64 bit OS
#   Decrease Java heap size (-Xmx/-Xms)
#   Decrease number of Java threads
#   Decrease Java thread stack sizes (-Xss)
#   Set larger code cache with -XX:ReservedCodeCacheSize=
# This output file may be truncated or incomplete.
#
#  Out of Memory Error (allocation.cpp:390), pid=6952, tid=0x0000000000001908
#
# JRE version: Java(TM) SE Runtime Environment (8.0_101-b13) (build 1.8.0_101-b13)
# Java VM: Java HotSpot(TM) 64-Bit Server VM (25.101-b13 mixed mode windows-amd64 compressed oops)
# Failed to write core dump. Minidumps are not enabled by default on client versions of Windows
#

---------------  T H R E A D  ---------------

Current thread (0x000000000224e000):  JavaThread "main" [_thread_in_native, id=6408, stack(0x0000000002570000,0x0000000002670000)]

Stack: [0x0000000002570000,0x0000000002670000]
[error occurred during error reporting (printing stack bounds), id 0xc0000005]

Native frames: (J=compiled Java code, j=interpreted, Vv=VM code, C=native code)

Java frames: (J=compiled Java code, j=interpreted, Vv=VM code)
j  sun.util.locale.LocaleObjectCache.<init>(IFI)V+16
j  sun.util.locale.LocaleObjectCache.<init>()V+7
j  java.util.Locale$Cache.<init>()V+1
j  java.util.Locale$Cache.<init>(Ljava/util/Locale$1;)V+1
j  java.util.Locale.<clinit>()V+21
v  ~StubRoutines::call_stub
j  java.io.WinNTFileSystem.hashCode(Ljava/io/File;)I+4
j  java.io.File.hashCode()I+4
j  java.util.HashMap.hash(Ljava/lang/Object;)I+9
j  java.util.HashMap.put(Ljava/lang/Object;Ljava/lang/Object;)Ljava/lang/Object;+2
j  sun.misc.MetaIndex.registerDirectory(Ljava/io/File;)V+178
j  sun.misc.Launcher$ExtClassLoader$1.run()Lsun/misc/Launcher$ExtClassLoader;+19
j  sun.misc.Launcher$ExtClassLoader$1.run()Ljava/lang/Object;+1
v  ~StubRoutines::call_stub
j  java.security.AccessController.doPrivileged(Ljava/security/PrivilegedExceptionAction;)Ljava/lang/Object;+0
j  sun.misc.Launcher$ExtClassLoader.getExtClassLoader()Lsun/misc/Launcher$ExtClassLoader;+12
j  sun.misc.Launcher.<init>()V+4
j  sun.misc.Launcher.<clinit>()V+15
v  ~StubRoutines::call_stub
j  java.lang.ClassLoader.initSystemClassLoader()V+22
j  java.lang.ClassLoader.getSystemClassLoader()Ljava/lang/ClassLoader;+0
v  ~StubRoutines::call_stub

---------------  P R O C E S S  ---------------

Java Threads: ( => current thread )
  0x0000000055139800 JavaThread "Finalizer" daemon [_thread_new, id=7780, stack(0x00000000560a0000,0x00000000561a0000)]
  0x00000000550f2000 JavaThread "Reference Handler" daemon [_thread_blocked, id=7068, stack(0x0000000056360000,0x0000000056460000)]
=>0x000000000224e000 JavaThread "main" [_thread_in_native, id=6408, stack(0x0000000002570000,0x0000000002670000)]

Other Threads:
  0x00000000550ea800 VMThread [stack: 0x00000000561a0000,0x00000000562a0000] [id=7896]

VM state:not at safepoint (normal execution)

VM Mutex/Monitor currently owned by a thread: None

Heap:
 PSYoungGen      total 37888K, used 655K [0x00000000eab00000, 0x00000000ed500000, 0x0000000100000000)
  eden space 32768K, 2% used [0x00000000eab00000,0x00000000eaba3d80,0x00000000ecb00000)
  from space 5120K, 0% used [0x00000000ed000000,0x00000000ed000000,0x00000000ed500000)
  to   space 5120K, 0% used [0x00000000ecb00000,0x00000000ecb00000,0x00000000ed000000)
 ParOldGen       total 86016K, used 0K [0x00000000c0000000, 0x00000000c5400000, 0x00000000eab00000)
  object space 86016K, 0% used [0x00000000c0000000,0x00000000c0000000,0x00000000c5400000)
 Metaspace       used 1814K, capacity 4480K, committed 4480K, reserved 1056768K
  class space    used 201K, capacity 384K, committed 384K, reserved 1048576K

Card table byte_map: [0x0000000011d00000,0x0000000011f10000] byte_map_base: 0x0000000011700000

Marking Bits: (ParMarkBitMap*) 0x000000006545a6d0
 Begin Bits: [0x0000000012560000, 0x0000000013560000)
 End Bits:   [0x0000000013560000, 0x0000000014560000)

Polling page: 0x0000000000240000

CodeCache: size=245760Kb used=425Kb max_used=425Kb free=245334Kb
 bounds [0x0000000002940000, 0x0000000002bb0000, 0x0000000011940000]
 total_blobs=146 nmethods=0 adapters=112
 compilation: enabled

Compilation events (0 events):
No events

GC Heap History (0 events):
No events

Deoptimization events (0 events):
No events

Internal exceptions (2 events):
Event: 2.155 Thread 0x000000000224e000 Exception <a 'java/lang/NoSuchMethodError': Method sun.misc.Unsafe.defineClass(Ljava/lang/String;[BII)Ljava/lang/Class; name or signature does not match> (0x00000000eab07cc0) thrown at [C:\re\workspace\8-2-build-windows-amd64-cygwin\jdk8u101\7261\hotspot\sëùùî<@
Event: 2.155 Thread 0x000000000224e000 Exception <a 'java/lang/NoSuchMethodError': Method sun.misc.Unsafe.prefetchRead(Ljava/lang/Object;J)V name or signature does not match> (0x00000000eab07fa8) thrown at [C:\re\workspace\8-2-build-windows-amd64-cygwin\jdk8u101\7261\hotspot\src\share\vm\prims\

Events (10 events):
Event: 2.288 loading class java/nio/charset/CoderResult$2 done
Event: 2.289 loading class java/lang/reflect/Array
Event: 2.289 loading class java/lang/reflect/Array done
Event: 2.289 loading class java/util/Locale
Event: 2.289 loading class java/util/Locale done
Event: 2.289 loading class java/util/Locale$Cache
Event: 2.289 loading class sun/util/locale/LocaleObjectCache
Event: 2.289 loading class sun/util/locale/LocaleObjectCache done
Event: 2.289 loading class java/util/Locale$Cache done
Event: 2.289 loading class java/util/concurrent/ConcurrentHashMap


Dynamic libraries:
0x000000013f500000 - 0x000000013f537000 	C:\Program Files\Java\jdk1.8.0_101\bin\java.exe
0x0000000077790000 - 0x0000000077939000 	C:\Windows\SYSTEM32\ntdll.dll
0x0000000077570000 - 0x000000007768f000 	C:\Windows\system32\kernel32.dll
0x000007fefd8b0000 - 0x000007fefd91b000 	C:\Windows\system32\KERNELBASE.dll
0x000007feff750000 - 0x000007feff82b000 	C:\Windows\system32\ADVAPI32.dll
0x000007feff2c0000 - 0x000007feff35f000 	C:\Windows\system32\msvcrt.dll
0x000007feff4d0000 - 0x000007feff4ef000 	C:\Windows\SYSTEM32\sechost.dll
0x000007feff830000 - 0x000007feff95d000 	C:\Windows\system32\RPCRT4.dll
0x0000000077690000 - 0x000000007778a000 	C:\Windows\system32\USER32.dll
0x000007fefe840000 - 0x000007fefe8a7000 	C:\Windows\system32\GDI32.dll
0x000007fefef00000 - 0x000007fefef0e000 	C:\Windows\system32\LPK.dll
0x000007fefeb80000 - 0x000007fefec49000 	C:\Windows\system32\USP10.dll
0x000007fefc090000 - 0x000007fefc284000 	C:\Windows\WinSxS\amd64_microsoft.windows.common-controls_6595b64144ccf1df_6.0.7601.17514_none_fa396087175ac9ac\COMCTL32.dll
0x000007feffa00000 - 0x000007feffa71000 	C:\Windows\system32\SHLWAPI.dll
0x000007feff3c0000 - 0x000007feff3ee000 	C:\Windows\system32\IMM32.DLL
0x000007fefef10000 - 0x000007feff019000 	C:\Windows\system32\MSCTF.dll
0x00000000646d0000 - 0x00000000647a2000 	C:\Program Files\Java\jdk1.8.0_101\jre\bin\msvcr100.dll
0x0000000064c40000 - 0x00000000654da000 	C:\Program Files\Java\jdk1.8.0_101\jre\bin\server\jvm.dll
0x000007fef7c00000 - 0x000007fef7c09000 	C:\Windows\system32\WSOCK32.dll
0x000007fefea90000 - 0x000007fefeadd000 	C:\Windows\system32\WS2_32.dll
0x000007feff230000 - 0x000007feff238000 	C:\Windows\system32\NSI.dll
0x000007fefa240000 - 0x000007fefa27b000 	C:\Windows\system32\WINMM.dll
0x000007fefc840000 - 0x000007fefc84c000 	C:\Windows\system32\VERSION.dll
0x0000000077960000 - 0x0000000077967000 	C:\Windows\system32\PSAPI.DLL
0x00000000713a0000 - 0x00000000713af000 	C:\Program Files\Java\jdk1.8.0_101\jre\bin\verify.dll
0x000000006f040000 - 0x000000006f069000 	C:\Program Files\Java\jdk1.8.0_101\jre\bin\java.dll
0x000000006f020000 - 0x000000006f036000 	C:\Program Files\Java\jdk1.8.0_101\jre\bin\zip.dll
0x000007fefdab0000 - 0x000007fefe838000 	C:\Windows\system32\SHELL32.dll
0x000007feff020000 - 0x000007feff223000 	C:\Windows\system32\ole32.dll
0x000007fefd6e0000 - 0x000007fefd6ef000 	C:\Windows\system32\profapi.dll

VM Arguments:
jvm_args: -Djava.awt.headless=true -Xmx1024M -Dfile.encoding=windows-1252 -Duser.country=US -Duser.language=en -Duser.variant 
java_command: com.android.dx.command.Main --dex --force-jumbo --num-threads=4 --multi-dex --output D:\MyPC\workplaceproject\Seramporecollege\app\build\intermediates\transforms\dex\debug\folders\1000\5\slice_3 D:\MyPC\workplaceproject\Seramporecollege\app\build\intermediates\transforms\instantRunSlicer\debug\folders\1\5\slice_3
java_class_path (initial): C:\Users\db\AppData\Local\Android\Sdk\build-tools\25.0.2\lib\dx.jar
Launcher Type: SUN_STANDARD

Environment Variables:
PATH=C:\Program Files (x86)\Common Files\Intel\Shared Files\cpp\bin\Intel64;C:\Python27\;C:\Python27\Scripts;C:\ProgramData\Oracle\Java\javapath;c:\OraHome_1\bin;c:\OraHome_1\jre\1.4.2\bin\client;c:\OraHome_1\jre\1.4.2\bin;c:\DevSuiteHome_1\jdk\jre\bin\classic;c:\DevSuiteHome_1\jdk\jre\bin;c:\DevSuiteHome_1\jdk\jre\bin\client;c:\DevSuiteHome_1\jlib;c:\DevSuiteHome_1\bin;c:\DevSuiteHome_1\jre\1.4.2\bin\client;c:\DevSuiteHome_1\jre\1.4.2\bin;C:\Windows\system32;C:\Windows;C:\Windows\System32\Wbem;C:\Windows\System32\WindowsPowerShell\v1.0\;C:\Program Files\Java\jdk1.8.0_101\bin;C:\Program Files (x86)\Skype\Phone\;C:\Users\db\AppData\Local\atom\bin
USERNAME=db
OS=Windows_NT
PROCESSOR_IDENTIFIER=Intel64 Family 6 Model 60 Stepping 3, GenuineIntel



---------------  S Y S T E M  ---------------

OS: Windows 7 , 64 bit Build 7601 (6.1.7601.17514)

CPU:total 4 (2 cores per cpu, 2 threads per core) family 6 model 60 stepping 3, cmov, cx8, fxsr, mmx, sse, sse2, sse3, ssse3, sse4.1, sse4.2, popcnt, avx, avx2, aes, clmul, erms, lzcnt, ht, tsc, tscinvbit, bmi1, bmi2

Memory: 4k page, physical 8256556k(977292k free), swap 9893108k(7808k free)

vm_info: Java HotSpot(TM) 64-Bit Server VM (25.101-b13) for windows-amd64 JRE (1.8.0_101-b13), built on Jun 22 2016 01:21:29 by "java_re" with MS VC++ 10.0 (VS2010)

time: Thu Apr 20 14:42:57 2017
elapsed time: 2 seconds (0d 0h 0m 2s)

